{
  "RSpec": {
    "coverage": {
      "/Users/Kel/Documents/dev/git/petnames/app/helpers/application_helper.rb": [
        1,
        null
      ],
      "/Users/Kel/Documents/dev/git/petnames/app/controllers/names_controller.rb": [
        1,
        null,
        1,
        2,
        2,
        null,
        null,
        1,
        2,
        2,
        null,
        null,
        1,
        2,
        2,
        2,
        2,
        2,
        2,
        null,
        null,
        2,
        null,
        null,
        null,
        null,
        null,
        null,
        1,
        2,
        2,
        2,
        null,
        2,
        null,
        null,
        null,
        null,
        null,
        null
      ],
      "/Users/Kel/Documents/dev/git/petnames/app/controllers/application_controller.rb": [
        1,
        null,
        null,
        1,
        null
      ],
      "/Users/Kel/Documents/dev/git/petnames/app/controllers/pages_controller.rb": [
        1,
        null,
        1,
        null,
        null,
        null
      ],
      "/Users/Kel/Documents/dev/git/petnames/app/models/gender.rb": [
        1,
        1,
        1,
        null,
        1,
        null
      ],
      "/Users/Kel/Documents/dev/git/petnames/app/models/language.rb": [
        1,
        1,
        null,
        1,
        null
      ],
      "/Users/Kel/Documents/dev/git/petnames/app/models/meaning.rb": [
        1,
        1,
        null,
        1,
        1,
        null
      ],
      "/Users/Kel/Documents/dev/git/petnames/app/models/name.rb": [
        1,
        1,
        null,
        1,
        1,
        null
      ]
    },
    "timestamp": 1440380394
  }
}
